<?xml version="1.0" encoding="utf-8"?><testsuites name="pytest tests"><testsuite name="pytest" errors="0" failures="0" skipped="0" tests="34" time="31.845" timestamp="2026-09-11T22:14:38.572808+08:00" hostname="czj-MBP"><testcase classname="tests.unit.test_contracts" name="test_paths_and_schemas" time="0.001" /><testcase classname="tests.unit.test_timeline" name="test_independent_hold_counts[48000-125-125-0]" time="0.000" /><testcase classname="tests.unit.test_timeline" name="test_independent_hold_counts[48000-50-50-38]" time="0.000" /><testcase classname="tests.unit.test_timeline" name="test_independent_hold_counts[48000-25-25-63]" time="0.000" /><testcase classname="tests.unit.test_timeline" name="test_independent_hold_counts[48000-75-75-13]" time="0.000" /><testcase classname="tests.unit.test_timeline" name="test_reject_unsafe_overlap_duplicate" time="0.000" /><testcase classname="tests.unit.test_timeline" name="test_rational_quantization" time="0.020" /><testcase classname="tests.unit.test_timeline" name="test_fractional_hold_long_tail_preserves_every_source_sample" time="0.003" /><testcase classname="tests.integration.test_phase1" name="test_db_store_retry_lineage" time="4.341" /><testcase classname="tests.integration.test_phase1" name="test_recover_windows[request]" time="0.447" /><testcase classname="tests.integration.test_phase1" name="test_recover_windows[inputs]" time="0.429" /><testcase classname="tests.integration.test_phase1" name="test_recover_windows[manifest]" time="0.722" /><testcase classname="tests.integration.test_phase1" name="test_recover_windows[partial_artifact]" time="0.813" /><testcase classname="tests.integration.test_phase1" name="test_recover_windows[event]" time="0.843" /><testcase classname="tests.integration.test_phase1" name="test_recover_windows[commit_ack]" time="0.755" /><testcase classname="tests.integration.test_phase1" name="test_lock_timeout_kill" time="1.184" /><testcase classname="tests.integration.test_phase1" name="test_normalization[cfr]" time="0.388" /><testcase classname="tests.integration.test_phase1" name="test_normalization[ntsc]" time="0.384" /><testcase classname="tests.integration.test_phase1" name="test_normalization[vfr]" time="0.381" /><testcase classname="tests.integration.test_phase1" name="test_normalization[offset]" time="0.391" /><testcase classname="tests.integration.test_phase1" name="test_normalization[rotate]" time="0.405" /><testcase classname="tests.integration.test_phase1" name="test_normalization[hdr]" time="0.067" /><testcase classname="tests.integration.test_phase1" name="test_render_independent_oracle[25-50-50-48000-38]" time="0.379" /><testcase classname="tests.integration.test_phase1" name="test_render_independent_oracle[25-125-125-48000-0]" time="0.463" /><testcase classname="tests.integration.test_phase1" name="test_render_independent_oracle[25-25-25-48000-63]" time="0.373" /><testcase classname="tests.integration.test_phase1" name="test_render_independent_oracle[30000/1001-60-60-48000-45]" time="0.382" /><testcase classname="tests.integration.test_phase1" name="test_backup_restore_restart" time="9.360" /><testcase classname="tests.integration.test_phase1" name="test_multicut_fractional_samples" time="0.540" /><testcase classname="tests.integration.test_phase1" name="test_render_fractional_long_tail" time="0.521" /><testcase classname="tests.integration.test_phase1" name="test_bounded_disk_full" time="1.976" /><testcase classname="tests.integration.test_phase1" name="test_full_media_recipe" time="2.574" /><testcase classname="tests.integration.test_phase1" name="test_database_disconnect" time="0.650" /><testcase classname="tests.integration.test_phase1" name="test_downloader_real_http" time="2.631" /><testcase classname="tests.integration.test_phase1" name="test_audio_ahead_preserved" time="0.367" /></testsuite></testsuites>