<?xml version="1.0" encoding="utf-8"?><testsuites name="pytest tests"><testsuite name="pytest" errors="0" failures="0" skipped="0" tests="34" time="24.625" timestamp="2026-09-12T00:17:57.135568+08:00" hostname="czj-MBP"><testcase classname="tests.unit.test_contracts" name="test_paths_and_schemas" time="0.001" /><testcase classname="tests.unit.test_timeline" name="test_independent_hold_counts[48000-125-125-0]" time="0.000" /><testcase classname="tests.unit.test_timeline" name="test_independent_hold_counts[48000-50-50-38]" time="0.000" /><testcase classname="tests.unit.test_timeline" name="test_independent_hold_counts[48000-25-25-63]" time="0.000" /><testcase classname="tests.unit.test_timeline" name="test_independent_hold_counts[48000-75-75-13]" time="0.000" /><testcase classname="tests.unit.test_timeline" name="test_reject_unsafe_overlap_duplicate" time="0.000" /><testcase classname="tests.unit.test_timeline" name="test_rational_quantization" time="0.019" /><testcase classname="tests.unit.test_timeline" name="test_fractional_hold_long_tail_preserves_every_source_sample" time="0.003" /><testcase classname="tests.integration.test_phase1" name="test_db_store_retry_lineage" time="3.736" /><testcase classname="tests.integration.test_phase1" name="test_recover_windows[request]" time="0.346" /><testcase classname="tests.integration.test_phase1" name="test_recover_windows[inputs]" time="0.349" /><testcase classname="tests.integration.test_phase1" name="test_recover_windows[manifest]" time="0.607" /><testcase classname="tests.integration.test_phase1" name="test_recover_windows[partial_artifact]" time="0.635" /><testcase classname="tests.integration.test_phase1" name="test_recover_windows[event]" time="0.620" /><testcase classname="tests.integration.test_phase1" name="test_recover_windows[commit_ack]" time="0.636" /><testcase classname="tests.integration.test_phase1" name="test_lock_timeout_kill" time="0.882" /><testcase classname="tests.integration.test_phase1" name="test_normalization[cfr]" time="0.390" /><testcase classname="tests.integration.test_phase1" name="test_normalization[ntsc]" time="0.385" /><testcase classname="tests.integration.test_phase1" name="test_normalization[vfr]" time="0.381" /><testcase classname="tests.integration.test_phase1" name="test_normalization[offset]" time="0.387" /><testcase classname="tests.integration.test_phase1" name="test_normalization[rotate]" time="0.401" /><testcase classname="tests.integration.test_phase1" name="test_normalization[hdr]" time="0.069" /><testcase classname="tests.integration.test_phase1" name="test_render_independent_oracle[25-50-50-48000-38]" time="0.378" /><testcase classname="tests.integration.test_phase1" name="test_render_independent_oracle[25-125-125-48000-0]" time="0.460" /><testcase classname="tests.integration.test_phase1" name="test_render_independent_oracle[25-25-25-48000-63]" time="0.360" /><testcase classname="tests.integration.test_phase1" name="test_render_independent_oracle[30000/1001-60-60-48000-45]" time="0.386" /><testcase classname="tests.integration.test_phase1" name="test_backup_restore_restart" time="4.453" /><testcase classname="tests.integration.test_phase1" name="test_multicut_fractional_samples" time="0.520" /><testcase classname="tests.integration.test_phase1" name="test_render_fractional_long_tail" time="0.521" /><testcase classname="tests.integration.test_phase1" name="test_bounded_disk_full" time="1.827" /><testcase classname="tests.integration.test_phase1" name="test_full_media_recipe" time="2.334" /><testcase classname="tests.integration.test_phase1" name="test_database_disconnect" time="0.504" /><testcase classname="tests.integration.test_phase1" name="test_downloader_real_http" time="2.591" /><testcase classname="tests.integration.test_phase1" name="test_audio_ahead_preserved" time="0.366" /></testsuite></testsuites>